<?xml version="1.0" encoding="UTF-8"?>
<testsuite xmlns:xsi="http://www.w3.org/2001/XMLSchema-instance" xsi:noNamespaceSchemaLocation="https://maven.apache.org/surefire/maven-surefire-plugin/xsd/surefire-test-report.xsd" name="ru.praktikum.services.scooter.tests.CourierCreationTest" time="11.491" tests="4" errors="0" skipped="0" failures="0">
  <properties>
[...]
</properties>
  <testcase name="testCreateCourierWithoutLogin" classname="ru.praktikum.services.scooter.tests.CourierCreationTest" time="7.313"/>
  <testcase name="testCannotCreateDuplicateCourier" classname="ru.praktikum.services.scooter.tests.CourierCreationTest" time="2.019"/>
  <testcase name="testCreateCourierWithoutPassword" classname="ru.praktikum.services.scooter.tests.CourierCreationTest" time="0.45"/>
  <testcase name="testCourierCanBeCreated" classname="ru.praktikum.services.scooter.tests.CourierCreationTest" time="1.273"/>
</testsuite>